<?xml version='1.0' encoding='UTF-8'?>
<testsuite hostname="Mac.lan" name="runner.TestRunner" tests="1" errors="0" failures="0" skipped="0" time="3.872" timestamp="2025-06-19T15:12:51">
          <properties>
[...]
</properties>
          <testcase classname="runner.TestRunner" name="Para-bank Login.Successful login with valid credentials" time="3.872">
                      
                    </testcase>
          <system-out><![CDATA[]]></system-out>
          <system-err><![CDATA[]]></system-err>
        </testsuite>